[16:37:05] [main/INFO]: No arguments specified, assuming client.
[16:37:05] [main/INFO]: Extra: []
[16:37:05] [main/INFO]: Running with arguments: [--userProperties, {}, --username, ForgeDevName, --tweakClass, cpw.mods.fml.common.launcher.FMLTweaker, --accessToken, {REDACTED}, --assetIndex, 1.7.10, --assetsDir, C:/Users/Aditya/.gradle/caches/minecraft/assets, --version, 1.7.10]
[16:37:05] [main/INFO]: Loading tweak class name cpw.mods.fml.common.launcher.FMLTweaker
[16:37:05] [main/INFO]: Using primary tweak class name cpw.mods.fml.common.launcher.FMLTweaker
[16:37:05] [main/INFO]: Calling tweak class cpw.mods.fml.common.launcher.FMLTweaker
[16:37:05] [main/INFO]: Forge Mod Loader version 7.10.18.1180 for Minecraft 1.7.10 loading
[16:37:05] [main/INFO]: Java is Java HotSpot(TM) 64-Bit Server VM, version 1.7.0_07, running on Windows 7:amd64:6.1, installed at C:\Program Files\Java\jdk1.7.0_07\jre
[16:37:05] [main/INFO]: Managed to load a deobfuscated Minecraft name- we are in a deobfuscated environment. Skipping runtime deobfuscation
[16:37:05] [main/INFO]: Loading tweak class name cpw.mods.fml.common.launcher.FMLInjectionAndSortingTweaker
[16:37:05] [main/INFO]: Loading tweak class name cpw.mods.fml.common.launcher.FMLDeobfTweaker
[16:37:05] [main/INFO]: Calling tweak class cpw.mods.fml.common.launcher.FMLInjectionAndSortingTweaker
[16:37:05] [main/INFO]: Calling tweak class cpw.mods.fml.common.launcher.FMLInjectionAndSortingTweaker
[16:37:05] [main/INFO]: Calling tweak class cpw.mods.fml.relauncher.CoreModManager$FMLPluginWrapper
[16:37:05] [main/ERROR]: The binary patch set is missing. Either you are in a development environment, or things are not going to work!
[16:37:07] [main/ERROR]: The minecraft jar file:/C:/Users/Aditya/.gradle/caches/minecraft/net/minecraftforge/forge/1.7.10-10.13.0.1180/forgeBin-1.7.10-10.13.0.1180.jar!/net/minecraft/client/ClientBrandRetriever.class appears to be corrupt! There has been CRITICAL TAMPERING WITH MINECRAFT, it is highly unlikely minecraft will work! STOP NOW, get a clean copy and try again!
[16:37:07] [main/ERROR]: FML has been ordered to ignore the invalid or missing minecraft certificate. This is very likely to cause a problem!
[16:37:07] [main/ERROR]: Technical information: ClientBrandRetriever was at jar:file:/C:/Users/Aditya/.gradle/caches/minecraft/net/minecraftforge/forge/1.7.10-10.13.0.1180/forgeBin-1.7.10-10.13.0.1180.jar!/net/minecraft/client/ClientBrandRetriever.class, there were 0 certificates for it
[16:37:07] [main/ERROR]: FML appears to be missing any signature data. This is not a good thing
[16:37:07] [main/INFO]: Calling tweak class cpw.mods.fml.relauncher.CoreModManager$FMLPluginWrapper
[16:37:07] [main/INFO]: Calling tweak class cpw.mods.fml.common.launcher.FMLDeobfTweaker
[16:37:07] [main/INFO]: Launching wrapped minecraft {net.minecraft.client.main.Main}
[16:37:09] [main/INFO]: Setting user: ForgeDevName
[16:37:10] [Client thread/INFO]: LWJGL Version: 2.9.1
[16:37:11] [Client thread/INFO]: Attempting early MinecraftForge initialization
[16:37:11] [Client thread/INFO]: MinecraftForge v10.13.0.1180 Initialized
[16:37:11] [Client thread/INFO]: Replaced 182 ore recipies
[16:37:11] [Client thread/INFO]: Completed early MinecraftForge initialization
[16:37:11] [Client thread/INFO]: Searching C:\Users\Aditya\Programming\minecraft-modding-club\forge-1.7.10 (With Mods)\eclipse\mods for mods
[16:37:12] [Client thread/ERROR]: FML has detected a mod that is using a package name based on 'net.minecraft.src' : net.minecraft.src.FMLRenderAccessLibrary. This is generally a severe programming error.  There should be no mod code in the minecraft namespace. MOVE YOUR MOD! If you're in eclipse, select your source code and 'refactor' it into a new package. Go on. DO IT NOW!
[16:37:12] [Client thread/ERROR]: FML has detected a mod that is using a package name based on 'net.minecraft.src' : net.minecraft.src.Start. This is generally a severe programming error.  There should be no mod code in the minecraft namespace. MOVE YOUR MOD! If you're in eclipse, select your source code and 'refactor' it into a new package. Go on. DO IT NOW!
[16:37:14] [Client thread/INFO]: Forge Mod Loader has identified 5 mods to load
[16:37:14] [Client thread/INFO]: Reloading ResourceManager: Default, FMLFileResourcePack:Forge Mod Loader, FMLFileResourcePack:Minecraft Forge, FMLFileResourcePack:Example Mod, FMLFileResourcePack:Moreland Minecraft Modding Club Mod
[16:37:14] [Client thread/INFO]: Processing ObjectHolder annotations
[16:37:14] [Client thread/INFO]: Found 341 ObjectHolder annotations
[16:37:14] [Client thread/INFO]: Configured a dormant chunk cache size of 0
[16:37:14] [Client thread/INFO]: Applying holder lookups
[16:37:14] [Client thread/INFO]: Holder lookups applied
[16:37:15] [Sound Library Loader/INFO]: Sound engine started
